<?xml version="1.0" encoding="UTF-8"?>
<!-- Generated by org.testng.reporters.JUnitReportReporter -->
<testsuite skipped="0" hostname="dorendezvous" name="nayaproject.appiumTest" tests="2" failures="0" timestamp="22 Nov 2018 18:43:10 GMT" time="0.006" errors="0">
  <testcase name="nativeAppAndroid" time="0.000" classname="nayaproject.appiumTest"/>
  <testcase name="iosApps" time="0.006" classname="nayaproject.appiumTest"/>
</testsuite> <!-- nayaproject.appiumTest -->
