<?xml version="1.0" encoding="UTF-8"?>
<!-- Generated by org.testng.reporters.JUnitReportReporter -->
<testsuite skipped="0" hostname="dorendezvous" name="nayaproject.seleniumTest" tests="2" failures="0" timestamp="22 Nov 2018 19:00:08 GMT" time="0.000" errors="0">
  <testcase name="elementUI" time="0.000" classname="nayaproject.seleniumTest"/>
  <testcase name="BrowserAutomaion" time="0.000" classname="nayaproject.seleniumTest"/>
</testsuite> <!-- nayaproject.seleniumTest -->
