<?xml version="1.0" encoding="UTF-8"?>
<!-- Generated by org.testng.reporters.JUnitReportReporter -->
<testsuite skipped="0" hostname="dorendezvous" name="nayaproject.restapiTest" tests="2" failures="0" timestamp="22 Nov 2018 19:00:08 GMT" time="0.007" errors="0">
  <testcase name="postJira" time="0.001" classname="nayaproject.restapiTest"/>
  <testcase name="deleteTwitter" time="0.006" classname="nayaproject.restapiTest"/>
</testsuite> <!-- nayaproject.restapiTest -->
